<?xml version="1.0" encoding="UTF-8"?>
<!-- Generated by org.testng.reporters.JUnitXMLReporter -->
<testsuite ignored="6" hostname="LIN66011991" failures="0" tests="1" name="groupingtest" time="0.055" errors="0" timestamp="2024-07-30T13:22:41 IST">
  <testcase classname="groupingtest.Payments" name="paymentinRupees" time="0.013"/>
  <testcase classname="groupingtest.SignUpTests" name="SignUpByEmail" time="0.0">
    <ignored/>
  </testcase> <!-- SignUpByEmail -->
  <testcase classname="groupingtest.SignUpTests" name="SignUpByTwitter" time="0.0">
    <ignored/>
  </testcase> <!-- SignUpByTwitter -->
  <testcase classname="groupingtest.LoginTests" name="loginByFaceBook" time="0.0">
    <ignored/>
  </testcase> <!-- loginByFaceBook -->
  <testcase classname="groupingtest.SignUpTests" name="SignUpByFaceBook" time="0.0">
    <ignored/>
  </testcase> <!-- SignUpByFaceBook -->
  <testcase classname="groupingtest.LoginTests" name="loginByEmail" time="0.0">
    <ignored/>
  </testcase> <!-- loginByEmail -->
  <testcase classname="groupingtest.Payments" name="paymentinDollars" time="0.0">
    <ignored/>
  </testcase> <!-- paymentinDollars -->
</testsuite> <!-- groupingtest -->
