<?xml version="1.0" encoding="UTF-8"?>
<!-- Generated by org.testng.reporters.JUnitXMLReporter -->
<testsuite ignored="0" hostname="LIN66011991" failures="0" tests="4" name="Test1" time="0.016" errors="0" timestamp="2024-07-19T19:18:29 IST">
  <testcase classname="testannotationspractice.TestCase1_BeforeAfterMethod" name="search" time="0.002"/>
  <testcase classname="testannotationspractice.TestCase1_BeforeAfterMethod" name="Advancedsearch" time="0.001"/>
  <testcase classname="testannotationspractice.TestCase2_BeforeAfterClass" name="search" time="0.002"/>
  <testcase classname="testannotationspractice.TestCase2_BeforeAfterClass" name="Advancedsearch" time="0.0"/>
</testsuite> <!-- Test1 -->
