<?xml version="1.0" encoding="UTF-8"?>
<testng-results ignored="0" total="1" passed="1" failed="0" skipped="0">
  <reporter-output>
  </reporter-output>
  <suite started-at="2024-09-18T17:09:57 IST" name="MasterSuite" finished-at="2024-09-18T17:10:05 IST" duration-ms="8233">
    <groups>
    </groups>
    <test started-at="2024-09-18T17:09:57 IST" name="ChromeTest" finished-at="2024-09-18T17:10:05 IST" duration-ms="8233">
      <class name="testCases.TC002_LoginTest">
        <test-method is-config="true" signature="setUp(java.lang.String,java.lang.String)[pri:0, instance:testCases.TC002_LoginTest@4961f6af]" started-at="2024-09-18T17:09:57 IST" name="setUp" finished-at="2024-09-18T17:10:03 IST" duration-ms="6435" status="PASS">
          <params>
            <param index="0">
              <value>
                <![CDATA[windows]]>
              </value>
            </param>
            <param index="1">
              <value>
                <![CDATA[chrome]]>
              </value>
            </param>
          </params>
          <reporter-output>
          </reporter-output>
        </test-method> <!-- setUp -->
        <test-method signature="verify_login()[pri:0, instance:testCases.TC002_LoginTest@4961f6af]" started-at="2024-09-18T17:10:03 IST" name="verify_login" finished-at="2024-09-18T17:10:05 IST" duration-ms="1759" status="PASS">
          <reporter-output>
          </reporter-output>
        </test-method> <!-- verify_login -->
      </class> <!-- testCases.TC002_LoginTest -->
    </test> <!-- ChromeTest -->
  </suite> <!-- MasterSuite -->
</testng-results>
