<?xml version="1.0" encoding="UTF-8"?>
<!-- Generated by org.testng.reporters.JUnitXMLReporter -->
<testsuite ignored="0" hostname="LIN66011991" failures="0" tests="4" name="Default test" time="0.095" errors="0" timestamp="2024-07-12T18:05:01 IST">
  <testcase classname="practice.TestngPractice1" name="openApp" time="0.014"/>
  <testcase classname="practice.TestngPractice1" name="Logout" time="0.002"/>
  <testcase classname="practice.TestngPractice1" name="testLogin" time="0.002"/>
  <testcase classname="practice.TestngPractice1" name="testcloseApp" time="0.002"/>
</testsuite> <!-- Default test -->
