<?xml version="1.0" encoding="UTF-8"?>
<testng-results ignored="0" total="4" passed="4" failed="0" skipped="0">
  <reporter-output>
  </reporter-output>
  <suite started-at="2024-07-12T18:05:01 IST" name="Default suite" finished-at="2024-07-12T18:05:01 IST" duration-ms="95">
    <groups>
    </groups>
    <test started-at="2024-07-12T18:05:01 IST" name="Default test" finished-at="2024-07-12T18:05:01 IST" duration-ms="95">
      <class name="practice.TestngPractice1">
        <test-method signature="openApp()[pri:-1, instance:practice.TestngPractice1@51399530]" started-at="2024-07-12T18:05:01 IST" name="openApp" finished-at="2024-07-12T18:05:01 IST" duration-ms="14" status="PASS">
          <reporter-output>
          </reporter-output>
        </test-method> <!-- openApp -->
        <test-method signature="Logout()[pri:2, instance:practice.TestngPractice1@51399530]" started-at="2024-07-12T18:05:01 IST" name="Logout" finished-at="2024-07-12T18:05:01 IST" duration-ms="2" status="PASS">
          <reporter-output>
          </reporter-output>
        </test-method> <!-- Logout -->
        <test-method signature="testLogin()[pri:8, instance:practice.TestngPractice1@51399530]" started-at="2024-07-12T18:05:01 IST" name="testLogin" finished-at="2024-07-12T18:05:01 IST" duration-ms="2" status="PASS">
          <reporter-output>
          </reporter-output>
        </test-method> <!-- testLogin -->
        <test-method signature="testcloseApp()[pri:8, instance:practice.TestngPractice1@51399530]" started-at="2024-07-12T18:05:01 IST" name="testcloseApp" finished-at="2024-07-12T18:05:01 IST" duration-ms="2" status="PASS">
          <reporter-output>
          </reporter-output>
        </test-method> <!-- testcloseApp -->
      </class> <!-- practice.TestngPractice1 -->
    </test> <!-- Default test -->
  </suite> <!-- Default suite -->
</testng-results>
